0 silly argv {
0 silly argv   _: [ 'create' ],
0 silly argv   lernaVersion: '3.22.1',
0 silly argv   '$0': 'lerna',
0 silly argv   name: '@demo-test/demo'
0 silly argv }
1 notice cli v3.22.1
2 verbose rootPath /Users/lizixin/lerna-project
3 warn ENOREMOTE No git remote found, skipping repository property
4 error Error: canceled
4 error     at Interface.<anonymous> (/Users/lizixin/.nvm/versions/node/v15.3.0/lib/node_modules/lerna/node_modules/read/lib/read.js:66:13)
4 error     at Interface.emit (node:events:376:20)
4 error     at Interface._ttyWrite (node:readline:880:16)
4 error     at ReadStream.onkeypress (node:readline:213:10)
4 error     at ReadStream.emit (node:events:376:20)
4 error     at emitKeys (node:internal/readline/utils:345:14)
4 error     at emitKeys.next (<anonymous>)
4 error     at ReadStream.onData (node:readline:1149:36)
4 error     at ReadStream.emit (node:events:376:20)
4 error     at addChunk (node:internal/streams/readable:304:12)
4 error     at readableAddChunk (node:internal/streams/readable:279:9)
4 error     at ReadStream.Readable.push (node:internal/streams/readable:218:10)
